<?xml version="1.0" encoding="UTF-8"?>
<!-- Generated by org.testng.reporters.JUnitReportReporter -->
<testsuite hostname="aditya-konda" failures="0" tests="1" name="tests.AddUserTest" time="23.478" errors="0" timestamp="2025-07-10T11:22:37 IST" skipped="0">
  <testcase classname="tests.AddUserTest" name="addNewUserFlow" time="23.478"/>
</testsuite> <!-- tests.AddUserTest -->
