<?xml version="1.0" encoding="UTF-8"?>
<!-- Generated by org.testng.reporters.JUnitReportReporter -->
<testsuite hostname="aditya-konda" failures="0" tests="1" name="tests.LoginTest" time="33.631" errors="0" timestamp="2025-07-15T11:14:27 IST" skipped="0">
  <testcase classname="tests.LoginTest" name="runAllLogins" time="33.631"/>
</testsuite> <!-- tests.LoginTest -->
