<?xml version="1.0" encoding="UTF-8"?>
<!-- Generated by org.testng.reporters.JUnitReportReporter -->
<testsuite hostname="aditya-konda" failures="0" tests="1" name="tests.LoginTest" time="32.018" errors="0" timestamp="2025-07-29T15:38:12 IST" skipped="0">
  <testcase classname="tests.LoginTest" name="runAllLogins" time="32.018"/>
</testsuite> <!-- tests.LoginTest -->
